2014/09/06 09:18:12 [error] [php] include(/home/u780371700/public_html/framework/web/widgets/CContentDecorator.php): failed to open stream: No such file or directory (/home/u780371700/public_html/framework/YiiBase.php:403)
Stack trace:
#0 /home/u780371700/public_html/framework/web/CWidgetFactory.php(146): import()
#1 /home/u780371700/public_html/framework/web/CBaseController.php(146): CWidgetFactory->createWidget()
#2 /home/u780371700/public_html/framework/web/CBaseController.php(189): SiteController->createWidget()
#3 /home/u780371700/public_html/framework/web/CBaseController.php(291): SiteController->beginWidget()
#4 /home/u780371700/public_html/protected/views/layouts/column1.php(2): SiteController->beginContent()
#5 /home/u780371700/public_html/framework/web/CBaseController.php(126): require()
#6 /home/u780371700/public_html/framework/web/CBaseController.php(95): SiteController->renderInternal()
#7 /home/u780371700/public_html/framework/web/CController.php(784): SiteController->renderFile()
#8 /home/u780371700/public_html/protected/controllers/SiteController.php(32): SiteController->render()
#9 /home/u780371700/public_html/framework/web/actions/CInlineAction.php(49): SiteController->actionIndex()
#10 /home/u780371700/public_html/framework/web/CController.php(308): CInlineAction->runWithParams()
#11 /home/u780371700/public_html/framework/web/CController.php(286): SiteController->runAction()
#12 /home/u780371700/public_html/framework/web/CController.php(265): SiteController->runActionWithFilters()
#13 /home/u780371700/public_html/framework/web/CWebApplication.php(282): SiteController->run()
#14 /home/u780371700/public_html/framework/web/CWebApplication.php(141): CWebApplication->runController()
#15 /home/u780371700/public_html/framework/base/CApplication.php(180): CWebApplication->processRequest()
#16 /home/u780371700/public_html/index.php(15): CWebApplication->run()
REQUEST_URI=/
in /home/u780371700/public_html/protected/views/layouts/column1.php (2)
in /home/u780371700/public_html/protected/controllers/SiteController.php (32)
in /home/u780371700/public_html/index.php (15)
2014/09/06 09:18:27 [error] [php] include(/home/u780371700/public_html/framework/web/widgets/CContentDecorator.php): failed to open stream: No such file or directory (/home/u780371700/public_html/framework/YiiBase.php:403)
Stack trace:
#0 /home/u780371700/public_html/framework/web/CWidgetFactory.php(146): import()
#1 /home/u780371700/public_html/framework/web/CBaseController.php(146): CWidgetFactory->createWidget()
#2 /home/u780371700/public_html/framework/web/CBaseController.php(189): SiteController->createWidget()
#3 /home/u780371700/public_html/framework/web/CBaseController.php(291): SiteController->beginWidget()
#4 /home/u780371700/public_html/protected/views/layouts/column1.php(2): SiteController->beginContent()
#5 /home/u780371700/public_html/framework/web/CBaseController.php(126): require()
#6 /home/u780371700/public_html/framework/web/CBaseController.php(95): SiteController->renderInternal()
#7 /home/u780371700/public_html/framework/web/CController.php(784): SiteController->renderFile()
#8 /home/u780371700/public_html/protected/controllers/SiteController.php(32): SiteController->render()
#9 /home/u780371700/public_html/framework/web/actions/CInlineAction.php(49): SiteController->actionIndex()
#10 /home/u780371700/public_html/framework/web/CController.php(308): CInlineAction->runWithParams()
#11 /home/u780371700/public_html/framework/web/CController.php(286): SiteController->runAction()
#12 /home/u780371700/public_html/framework/web/CController.php(265): SiteController->runActionWithFilters()
#13 /home/u780371700/public_html/framework/web/CWebApplication.php(282): SiteController->run()
#14 /home/u780371700/public_html/framework/web/CWebApplication.php(141): CWebApplication->runController()
#15 /home/u780371700/public_html/framework/base/CApplication.php(180): CWebApplication->processRequest()
#16 /home/u780371700/public_html/index.php(15): CWebApplication->run()
REQUEST_URI=/
in /home/u780371700/public_html/protected/views/layouts/column1.php (2)
in /home/u780371700/public_html/protected/controllers/SiteController.php (32)
in /home/u780371700/public_html/index.php (15)
2014/09/06 09:19:17 [error] [php] include(/home/u780371700/public_html/framework/web/widgets/CContentDecorator.php): failed to open stream: No such file or directory (/home/u780371700/public_html/framework/YiiBase.php:403)
Stack trace:
#0 /home/u780371700/public_html/framework/web/CWidgetFactory.php(146): import()
#1 /home/u780371700/public_html/framework/web/CBaseController.php(146): CWidgetFactory->createWidget()
#2 /home/u780371700/public_html/framework/web/CBaseController.php(189): SiteController->createWidget()
#3 /home/u780371700/public_html/framework/web/CBaseController.php(291): SiteController->beginWidget()
#4 /home/u780371700/public_html/protected/views/layouts/column1.php(2): SiteController->beginContent()
#5 /home/u780371700/public_html/framework/web/CBaseController.php(126): require()
#6 /home/u780371700/public_html/framework/web/CBaseController.php(95): SiteController->renderInternal()
#7 /home/u780371700/public_html/framework/web/CController.php(784): SiteController->renderFile()
#8 /home/u780371700/public_html/protected/controllers/SiteController.php(32): SiteController->render()
#9 /home/u780371700/public_html/framework/web/actions/CInlineAction.php(49): SiteController->actionIndex()
#10 /home/u780371700/public_html/framework/web/CController.php(308): CInlineAction->runWithParams()
#11 /home/u780371700/public_html/framework/web/CController.php(286): SiteController->runAction()
#12 /home/u780371700/public_html/framework/web/CController.php(265): SiteController->runActionWithFilters()
#13 /home/u780371700/public_html/framework/web/CWebApplication.php(282): SiteController->run()
#14 /home/u780371700/public_html/framework/web/CWebApplication.php(141): CWebApplication->runController()
#15 /home/u780371700/public_html/framework/base/CApplication.php(180): CWebApplication->processRequest()
#16 /home/u780371700/public_html/index.php(15): CWebApplication->run()
REQUEST_URI=/
in /home/u780371700/public_html/protected/views/layouts/column1.php (2)
in /home/u780371700/public_html/protected/controllers/SiteController.php (32)
in /home/u780371700/public_html/index.php (15)
2014/09/06 09:21:00 [error] [php] include(/home/u780371700/public_html/framework/web/widgets/CContentDecorator.php): failed to open stream: No such file or directory (/home/u780371700/public_html/framework/YiiBase.php:403)
Stack trace:
#0 /home/u780371700/public_html/framework/web/CWidgetFactory.php(146): import()
#1 /home/u780371700/public_html/framework/web/CBaseController.php(146): CWidgetFactory->createWidget()
#2 /home/u780371700/public_html/framework/web/CBaseController.php(189): SiteController->createWidget()
#3 /home/u780371700/public_html/framework/web/CBaseController.php(291): SiteController->beginWidget()
#4 /home/u780371700/public_html/protected/views/layouts/column1.php(2): SiteController->beginContent()
#5 /home/u780371700/public_html/framework/web/CBaseController.php(126): require()
#6 /home/u780371700/public_html/framework/web/CBaseController.php(95): SiteController->renderInternal()
#7 /home/u780371700/public_html/framework/web/CController.php(784): SiteController->renderFile()
#8 /home/u780371700/public_html/protected/controllers/SiteController.php(32): SiteController->render()
#9 /home/u780371700/public_html/framework/web/actions/CInlineAction.php(49): SiteController->actionIndex()
#10 /home/u780371700/public_html/framework/web/CController.php(308): CInlineAction->runWithParams()
#11 /home/u780371700/public_html/framework/web/CController.php(286): SiteController->runAction()
#12 /home/u780371700/public_html/framework/web/CController.php(265): SiteController->runActionWithFilters()
#13 /home/u780371700/public_html/framework/web/CWebApplication.php(282): SiteController->run()
#14 /home/u780371700/public_html/framework/web/CWebApplication.php(141): CWebApplication->runController()
#15 /home/u780371700/public_html/framework/base/CApplication.php(180): CWebApplication->processRequest()
#16 /home/u780371700/public_html/index.php(15): CWebApplication->run()
REQUEST_URI=/
in /home/u780371700/public_html/protected/views/layouts/column1.php (2)
in /home/u780371700/public_html/protected/controllers/SiteController.php (32)
in /home/u780371700/public_html/index.php (15)
2014/09/06 09:26:29 [error] [php] include(/home/u780371700/public_html/framework/web/widgets/CContentDecorator.php): failed to open stream: No such file or directory (/home/u780371700/public_html/framework/YiiBase.php:403)
Stack trace:
#0 /home/u780371700/public_html/framework/web/CWidgetFactory.php(146): import()
#1 /home/u780371700/public_html/framework/web/CBaseController.php(146): CWidgetFactory->createWidget()
#2 /home/u780371700/public_html/framework/web/CBaseController.php(189): SiteController->createWidget()
#3 /home/u780371700/public_html/framework/web/CBaseController.php(291): SiteController->beginWidget()
#4 /home/u780371700/public_html/protected/views/layouts/column1.php(2): SiteController->beginContent()
#5 /home/u780371700/public_html/framework/web/CBaseController.php(126): require()
#6 /home/u780371700/public_html/framework/web/CBaseController.php(95): SiteController->renderInternal()
#7 /home/u780371700/public_html/framework/web/CController.php(784): SiteController->renderFile()
#8 /home/u780371700/public_html/protected/controllers/SiteController.php(32): SiteController->render()
#9 /home/u780371700/public_html/framework/web/actions/CInlineAction.php(49): SiteController->actionIndex()
#10 /home/u780371700/public_html/framework/web/CController.php(308): CInlineAction->runWithParams()
#11 /home/u780371700/public_html/framework/web/CController.php(286): SiteController->runAction()
#12 /home/u780371700/public_html/framework/web/CController.php(265): SiteController->runActionWithFilters()
#13 /home/u780371700/public_html/framework/web/CWebApplication.php(282): SiteController->run()
#14 /home/u780371700/public_html/framework/web/CWebApplication.php(141): CWebApplication->runController()
#15 /home/u780371700/public_html/framework/base/CApplication.php(180): CWebApplication->processRequest()
#16 /home/u780371700/public_html/index.php(15): CWebApplication->run()
REQUEST_URI=/
in /home/u780371700/public_html/protected/views/layouts/column1.php (2)
in /home/u780371700/public_html/protected/controllers/SiteController.php (32)
in /home/u780371700/public_html/index.php (15)
2014/09/06 09:29:29 [error] [php] include(/home/u780371700/public_html/framework/web/widgets/CContentDecorator.php): failed to open stream: No such file or directory (/home/u780371700/public_html/framework/YiiBase.php:403)
Stack trace:
#0 /home/u780371700/public_html/framework/web/CWidgetFactory.php(146): import()
#1 /home/u780371700/public_html/framework/web/CBaseController.php(146): CWidgetFactory->createWidget()
#2 /home/u780371700/public_html/framework/web/CBaseController.php(189): SiteController->createWidget()
#3 /home/u780371700/public_html/framework/web/CBaseController.php(291): SiteController->beginWidget()
#4 /home/u780371700/public_html/protected/views/layouts/column1.php(2): SiteController->beginContent()
#5 /home/u780371700/public_html/framework/web/CBaseController.php(126): require()
#6 /home/u780371700/public_html/framework/web/CBaseController.php(95): SiteController->renderInternal()
#7 /home/u780371700/public_html/framework/web/CController.php(784): SiteController->renderFile()
#8 /home/u780371700/public_html/protected/controllers/SiteController.php(32): SiteController->render()
#9 /home/u780371700/public_html/framework/web/actions/CInlineAction.php(49): SiteController->actionIndex()
#10 /home/u780371700/public_html/framework/web/CController.php(308): CInlineAction->runWithParams()
#11 /home/u780371700/public_html/framework/web/CController.php(286): SiteController->runAction()
#12 /home/u780371700/public_html/framework/web/CController.php(265): SiteController->runActionWithFilters()
#13 /home/u780371700/public_html/framework/web/CWebApplication.php(282): SiteController->run()
#14 /home/u780371700/public_html/framework/web/CWebApplication.php(141): CWebApplication->runController()
#15 /home/u780371700/public_html/framework/base/CApplication.php(180): CWebApplication->processRequest()
#16 /home/u780371700/public_html/index.php(15): CWebApplication->run()
REQUEST_URI=/
in /home/u780371700/public_html/protected/views/layouts/column1.php (2)
in /home/u780371700/public_html/protected/controllers/SiteController.php (32)
in /home/u780371700/public_html/index.php (15)
2014/09/06 09:32:24 [error] [php] include(/home/u780371700/public_html/framework/web/widgets/CContentDecorator.php): failed to open stream: No such file or directory (/home/u780371700/public_html/framework/YiiBase.php:403)
Stack trace:
#0 /home/u780371700/public_html/framework/web/CWidgetFactory.php(146): import()
#1 /home/u780371700/public_html/framework/web/CBaseController.php(146): CWidgetFactory->createWidget()
#2 /home/u780371700/public_html/framework/web/CBaseController.php(189): SiteController->createWidget()
#3 /home/u780371700/public_html/framework/web/CBaseController.php(291): SiteController->beginWidget()
#4 /home/u780371700/public_html/protected/views/layouts/column1.php(2): SiteController->beginContent()
#5 /home/u780371700/public_html/framework/web/CBaseController.php(126): require()
#6 /home/u780371700/public_html/framework/web/CBaseController.php(95): SiteController->renderInternal()
#7 /home/u780371700/public_html/framework/web/CController.php(784): SiteController->renderFile()
#8 /home/u780371700/public_html/protected/controllers/SiteController.php(32): SiteController->render()
#9 /home/u780371700/public_html/framework/web/actions/CInlineAction.php(49): SiteController->actionIndex()
#10 /home/u780371700/public_html/framework/web/CController.php(308): CInlineAction->runWithParams()
#11 /home/u780371700/public_html/framework/web/CController.php(286): SiteController->runAction()
#12 /home/u780371700/public_html/framework/web/CController.php(265): SiteController->runActionWithFilters()
#13 /home/u780371700/public_html/framework/web/CWebApplication.php(282): SiteController->run()
#14 /home/u780371700/public_html/framework/web/CWebApplication.php(141): CWebApplication->runController()
#15 /home/u780371700/public_html/framework/base/CApplication.php(180): CWebApplication->processRequest()
#16 /home/u780371700/public_html/index.php(15): CWebApplication->run()
REQUEST_URI=/
in /home/u780371700/public_html/protected/views/layouts/column1.php (2)
in /home/u780371700/public_html/protected/controllers/SiteController.php (32)
in /home/u780371700/public_html/index.php (15)
2014/09/06 09:40:25 [error] [php] include(/home/u780371700/public_html/framework/web/widgets/CContentDecorator.php): failed to open stream: No such file or directory (/home/u780371700/public_html/framework/YiiBase.php:403)
Stack trace:
#0 /home/u780371700/public_html/framework/web/CWidgetFactory.php(146): import()
#1 /home/u780371700/public_html/framework/web/CBaseController.php(146): CWidgetFactory->createWidget()
#2 /home/u780371700/public_html/framework/web/CBaseController.php(189): SiteController->createWidget()
#3 /home/u780371700/public_html/framework/web/CBaseController.php(291): SiteController->beginWidget()
#4 /home/u780371700/public_html/protected/views/layouts/column1.php(2): SiteController->beginContent()
#5 /home/u780371700/public_html/framework/web/CBaseController.php(126): require()
#6 /home/u780371700/public_html/framework/web/CBaseController.php(95): SiteController->renderInternal()
#7 /home/u780371700/public_html/framework/web/CController.php(784): SiteController->renderFile()
#8 /home/u780371700/public_html/protected/controllers/SiteController.php(32): SiteController->render()
#9 /home/u780371700/public_html/framework/web/actions/CInlineAction.php(49): SiteController->actionIndex()
#10 /home/u780371700/public_html/framework/web/CController.php(308): CInlineAction->runWithParams()
#11 /home/u780371700/public_html/framework/web/CController.php(286): SiteController->runAction()
#12 /home/u780371700/public_html/framework/web/CController.php(265): SiteController->runActionWithFilters()
#13 /home/u780371700/public_html/framework/web/CWebApplication.php(282): SiteController->run()
#14 /home/u780371700/public_html/framework/web/CWebApplication.php(141): CWebApplication->runController()
#15 /home/u780371700/public_html/framework/base/CApplication.php(180): CWebApplication->processRequest()
#16 /home/u780371700/public_html/index.php(15): CWebApplication->run()
REQUEST_URI=/
in /home/u780371700/public_html/protected/views/layouts/column1.php (2)
in /home/u780371700/public_html/protected/controllers/SiteController.php (32)
in /home/u780371700/public_html/index.php (15)
